{"/home/blinina/my_lerning/frontend-project-lvl2/src/getdiff.js": {"path":"/home/blinina/my_lerning/frontend-project-lvl2/src/getdiff.js","all":false,"statementMap":{"0":{"start":{"line":1,"column":0},"end":{"line":1,"column":23}},"1":{"start":{"line":2,"column":0},"end":{"line":2,"column":0}},"2":{"start":{"line":3,"column":0},"end":{"line":3,"column":41}},"3":{"start":{"line":4,"column":0},"end":{"line":4,"column":54}},"4":{"start":{"line":5,"column":0},"end":{"line":5,"column":31}},"5":{"start":{"line":6,"column":0},"end":{"line":6,"column":37}},"6":{"start":{"line":7,"column":0},"end":{"line":7,"column":29}},"7":{"start":{"line":8,"column":0},"end":{"line":8,"column":55}},"8":{"start":{"line":9,"column":0},"end":{"line":9,"column":5}},"9":{"start":{"line":10,"column":0},"end":{"line":10,"column":29}},"10":{"start":{"line":11,"column":0},"end":{"line":11,"column":57}},"11":{"start":{"line":12,"column":0},"end":{"line":12,"column":5}},"12":{"start":{"line":13,"column":0},"end":{"line":13,"column":59}},"13":{"start":{"line":14,"column":0},"end":{"line":14,"column":86}},"14":{"start":{"line":15,"column":0},"end":{"line":15,"column":5}},"15":{"start":{"line":16,"column":0},"end":{"line":16,"column":36}},"16":{"start":{"line":17,"column":0},"end":{"line":17,"column":14}},"17":{"start":{"line":18,"column":0},"end":{"line":18,"column":69}},"18":{"start":{"line":19,"column":0},"end":{"line":19,"column":8}},"19":{"start":{"line":20,"column":0},"end":{"line":20,"column":5}},"20":{"start":{"line":21,"column":0},"end":{"line":21,"column":57}},"21":{"start":{"line":22,"column":0},"end":{"line":22,"column":5}},"22":{"start":{"line":23,"column":0},"end":{"line":23,"column":17}},"23":{"start":{"line":24,"column":0},"end":{"line":24,"column":2}},"24":{"start":{"line":25,"column":0},"end":{"line":25,"column":0}},"25":{"start":{"line":26,"column":0},"end":{"line":26,"column":29}}},"s":{"0":1,"1":1,"2":1,"3":30,"4":30,"5":30,"6":108,"7":30,"8":30,"9":108,"10":12,"11":12,"12":108,"13":24,"14":24,"15":108,"16":24,"17":24,"18":24,"19":24,"20":18,"21":18,"22":30,"23":30,"24":1,"25":1},"branchMap":{"0":{"type":"branch","line":3,"loc":{"start":{"line":3,"column":22},"end":{"line":24,"column":2}},"locations":[{"start":{"line":3,"column":22},"end":{"line":24,"column":2}}]},"1":{"type":"branch","line":6,"loc":{"start":{"line":6,"column":28},"end":{"line":22,"column":5}},"locations":[{"start":{"line":6,"column":28},"end":{"line":22,"column":5}}]},"2":{"type":"branch","line":7,"loc":{"start":{"line":7,"column":28},"end":{"line":9,"column":5}},"locations":[{"start":{"line":7,"column":28},"end":{"line":9,"column":5}}]},"3":{"type":"branch","line":10,"loc":{"start":{"line":10,"column":-1},"end":{"line":10,"column":8}},"locations":[{"start":{"line":10,"column":-1},"end":{"line":10,"column":8}}]},"4":{"type":"branch","line":10,"loc":{"start":{"line":10,"column":28},"end":{"line":12,"column":5}},"locations":[{"start":{"line":10,"column":28},"end":{"line":12,"column":5}}]},"5":{"type":"branch","line":13,"loc":{"start":{"line":13,"column":-1},"end":{"line":13,"column":9}},"locations":[{"start":{"line":13,"column":-1},"end":{"line":13,"column":9}}]},"6":{"type":"branch","line":13,"loc":{"start":{"line":13,"column":8},"end":{"line":13,"column":35}},"locations":[{"start":{"line":13,"column":8},"end":{"line":13,"column":35}}]},"7":{"type":"branch","line":13,"loc":{"start":{"line":13,"column":58},"end":{"line":15,"column":5}},"locations":[{"start":{"line":13,"column":58},"end":{"line":15,"column":5}}]},"8":{"type":"branch","line":16,"loc":{"start":{"line":16,"column":-1},"end":{"line":16,"column":8}},"locations":[{"start":{"line":16,"column":-1},"end":{"line":16,"column":8}}]},"9":{"type":"branch","line":16,"loc":{"start":{"line":16,"column":35},"end":{"line":20,"column":5}},"locations":[{"start":{"line":16,"column":35},"end":{"line":20,"column":5}}]},"10":{"type":"branch","line":21,"loc":{"start":{"line":21,"column":-1},"end":{"line":22,"column":5}},"locations":[{"start":{"line":21,"column":-1},"end":{"line":22,"column":5}}]}},"b":{"0":[30],"1":[108],"2":[30],"3":[78],"4":[12],"5":[66],"6":[30],"7":[24],"8":[42],"9":[24],"10":[18]},"fnMap":{"0":{"name":"genDifferents","decl":{"start":{"line":3,"column":22},"end":{"line":24,"column":2}},"loc":{"start":{"line":3,"column":22},"end":{"line":24,"column":2}},"line":3}},"f":{"0":30}}
,"/home/blinina/my_lerning/frontend-project-lvl2/src/index.js": {"path":"/home/blinina/my_lerning/frontend-project-lvl2/src/index.js","all":false,"statementMap":{"0":{"start":{"line":1,"column":0},"end":{"line":1,"column":20}},"1":{"start":{"line":2,"column":0},"end":{"line":2,"column":24}},"2":{"start":{"line":3,"column":0},"end":{"line":3,"column":41}},"3":{"start":{"line":4,"column":0},"end":{"line":4,"column":33}},"4":{"start":{"line":5,"column":0},"end":{"line":5,"column":44}},"5":{"start":{"line":6,"column":0},"end":{"line":6,"column":0}},"6":{"start":{"line":7,"column":0},"end":{"line":7,"column":57}},"7":{"start":{"line":8,"column":0},"end":{"line":8,"column":78}},"8":{"start":{"line":9,"column":0},"end":{"line":9,"column":78}},"9":{"start":{"line":10,"column":0},"end":{"line":10,"column":0}},"10":{"start":{"line":11,"column":0},"end":{"line":11,"column":50}},"11":{"start":{"line":12,"column":0},"end":{"line":12,"column":50}},"12":{"start":{"line":13,"column":0},"end":{"line":13,"column":0}},"13":{"start":{"line":14,"column":0},"end":{"line":14,"column":61}},"14":{"start":{"line":15,"column":0},"end":{"line":15,"column":61}},"15":{"start":{"line":16,"column":0},"end":{"line":16,"column":0}},"16":{"start":{"line":17,"column":0},"end":{"line":17,"column":50}},"17":{"start":{"line":18,"column":0},"end":{"line":18,"column":50}},"18":{"start":{"line":19,"column":0},"end":{"line":19,"column":24}},"19":{"start":{"line":20,"column":0},"end":{"line":20,"column":45}},"20":{"start":{"line":21,"column":0},"end":{"line":21,"column":0}},"21":{"start":{"line":22,"column":0},"end":{"line":22,"column":39}},"22":{"start":{"line":23,"column":0},"end":{"line":23,"column":2}},"23":{"start":{"line":24,"column":0},"end":{"line":24,"column":23}}},"s":{"0":1,"1":1,"2":1,"3":1,"4":1,"5":1,"6":1,"7":6,"8":6,"9":6,"10":6,"11":6,"12":6,"13":6,"14":6,"15":6,"16":6,"17":6,"18":6,"19":6,"20":6,"21":6,"22":6,"23":1},"branchMap":{"0":{"type":"branch","line":7,"loc":{"start":{"line":7,"column":16},"end":{"line":23,"column":2}},"locations":[{"start":{"line":7,"column":16},"end":{"line":23,"column":2}}]}},"b":{"0":[6]},"fnMap":{"0":{"name":"genDiff","decl":{"start":{"line":7,"column":16},"end":{"line":23,"column":2}},"loc":{"start":{"line":7,"column":16},"end":{"line":23,"column":2}},"line":7}},"f":{"0":6}}
,"/home/blinina/my_lerning/frontend-project-lvl2/src/parsers.js": {"path":"/home/blinina/my_lerning/frontend-project-lvl2/src/parsers.js","all":false,"statementMap":{"0":{"start":{"line":1,"column":0},"end":{"line":1,"column":27}},"1":{"start":{"line":2,"column":0},"end":{"line":2,"column":0}},"2":{"start":{"line":3,"column":0},"end":{"line":3,"column":36}},"3":{"start":{"line":4,"column":0},"end":{"line":4,"column":13}},"4":{"start":{"line":5,"column":0},"end":{"line":5,"column":27}},"5":{"start":{"line":6,"column":0},"end":{"line":6,"column":33}},"6":{"start":{"line":7,"column":0},"end":{"line":7,"column":3}},"7":{"start":{"line":8,"column":0},"end":{"line":8,"column":26}},"8":{"start":{"line":9,"column":0},"end":{"line":9,"column":32}},"9":{"start":{"line":10,"column":0},"end":{"line":10,"column":3}},"10":{"start":{"line":11,"column":0},"end":{"line":11,"column":16}},"11":{"start":{"line":12,"column":0},"end":{"line":12,"column":2}},"12":{"start":{"line":13,"column":0},"end":{"line":13,"column":0}},"13":{"start":{"line":14,"column":0},"end":{"line":14,"column":21}}},"s":{"0":1,"1":1,"2":1,"3":12,"4":12,"5":6,"6":6,"7":12,"8":6,"9":6,"10":12,"11":12,"12":1,"13":1},"branchMap":{"0":{"type":"branch","line":3,"loc":{"start":{"line":3,"column":14},"end":{"line":12,"column":2}},"locations":[{"start":{"line":3,"column":14},"end":{"line":12,"column":2}}]},"1":{"type":"branch","line":5,"loc":{"start":{"line":5,"column":26},"end":{"line":7,"column":3}},"locations":[{"start":{"line":5,"column":26},"end":{"line":7,"column":3}}]},"2":{"type":"branch","line":8,"loc":{"start":{"line":8,"column":25},"end":{"line":10,"column":3}},"locations":[{"start":{"line":8,"column":25},"end":{"line":10,"column":3}}]}},"b":{"0":[12],"1":[6],"2":[6]},"fnMap":{"0":{"name":"parse","decl":{"start":{"line":3,"column":14},"end":{"line":12,"column":2}},"loc":{"start":{"line":3,"column":14},"end":{"line":12,"column":2}},"line":3}},"f":{"0":12}}
,"/home/blinina/my_lerning/frontend-project-lvl2/src/formatters/index.js": {"path":"/home/blinina/my_lerning/frontend-project-lvl2/src/formatters/index.js","all":false,"statementMap":{"0":{"start":{"line":1,"column":0},"end":{"line":1,"column":31}},"1":{"start":{"line":2,"column":0},"end":{"line":2,"column":35}},"2":{"start":{"line":3,"column":0},"end":{"line":3,"column":36}},"3":{"start":{"line":4,"column":0},"end":{"line":4,"column":0}},"4":{"start":{"line":5,"column":0},"end":{"line":5,"column":47}},"5":{"start":{"line":6,"column":0},"end":{"line":6,"column":13}},"6":{"start":{"line":7,"column":0},"end":{"line":7,"column":19}},"7":{"start":{"line":8,"column":0},"end":{"line":8,"column":17}},"8":{"start":{"line":9,"column":0},"end":{"line":9,"column":27}},"9":{"start":{"line":10,"column":0},"end":{"line":10,"column":12}},"10":{"start":{"line":11,"column":0},"end":{"line":11,"column":19}},"11":{"start":{"line":12,"column":0},"end":{"line":12,"column":29}},"12":{"start":{"line":13,"column":0},"end":{"line":13,"column":12}},"13":{"start":{"line":14,"column":0},"end":{"line":14,"column":0}},"14":{"start":{"line":15,"column":0},"end":{"line":15,"column":16}},"15":{"start":{"line":16,"column":0},"end":{"line":16,"column":33}},"16":{"start":{"line":17,"column":0},"end":{"line":17,"column":12}},"17":{"start":{"line":18,"column":0},"end":{"line":18,"column":0}},"18":{"start":{"line":19,"column":0},"end":{"line":19,"column":8}},"19":{"start":{"line":20,"column":0},"end":{"line":20,"column":19}},"20":{"start":{"line":21,"column":0},"end":{"line":21,"column":3}},"21":{"start":{"line":22,"column":0},"end":{"line":22,"column":16}},"22":{"start":{"line":23,"column":0},"end":{"line":23,"column":2}},"23":{"start":{"line":24,"column":0},"end":{"line":24,"column":23}}},"s":{"0":1,"1":1,"2":1,"3":1,"4":1,"5":6,"6":6,"7":6,"8":2,"9":2,"10":6,"11":2,"12":2,"13":6,"14":6,"15":2,"16":2,"17":6,"18":0,"19":6,"20":6,"21":6,"22":6,"23":1},"branchMap":{"0":{"type":"branch","line":5,"loc":{"start":{"line":5,"column":16},"end":{"line":23,"column":2}},"locations":[{"start":{"line":5,"column":16},"end":{"line":23,"column":2}}]},"1":{"type":"branch","line":8,"loc":{"start":{"line":8,"column":4},"end":{"line":10,"column":12}},"locations":[{"start":{"line":8,"column":4},"end":{"line":10,"column":12}}]},"2":{"type":"branch","line":11,"loc":{"start":{"line":11,"column":4},"end":{"line":13,"column":12}},"locations":[{"start":{"line":11,"column":4},"end":{"line":13,"column":12}}]},"3":{"type":"branch","line":15,"loc":{"start":{"line":15,"column":4},"end":{"line":17,"column":12}},"locations":[{"start":{"line":15,"column":4},"end":{"line":17,"column":12}}]},"4":{"type":"branch","line":19,"loc":{"start":{"line":19,"column":0},"end":{"line":20,"column":9}},"locations":[{"start":{"line":19,"column":0},"end":{"line":20,"column":9}}]}},"b":{"0":[6],"1":[2],"2":[2],"3":[2],"4":[0]},"fnMap":{"0":{"name":"formatt","decl":{"start":{"line":5,"column":16},"end":{"line":23,"column":2}},"loc":{"start":{"line":5,"column":16},"end":{"line":23,"column":2}},"line":5}},"f":{"0":6}}
,"/home/blinina/my_lerning/frontend-project-lvl2/src/formatters/json.js": {"path":"/home/blinina/my_lerning/frontend-project-lvl2/src/formatters/json.js","all":false,"statementMap":{"0":{"start":{"line":1,"column":0},"end":{"line":1,"column":51}},"1":{"start":{"line":2,"column":0},"end":{"line":2,"column":27}}},"s":{"0":1,"1":1},"branchMap":{"0":{"type":"branch","line":1,"loc":{"start":{"line":1,"column":21},"end":{"line":1,"column":34}},"locations":[{"start":{"line":1,"column":21},"end":{"line":1,"column":34}}]}},"b":{"0":[2]},"fnMap":{"0":{"name":"formattJson","decl":{"start":{"line":1,"column":21},"end":{"line":1,"column":34}},"loc":{"start":{"line":1,"column":21},"end":{"line":1,"column":34}},"line":1}},"f":{"0":2}}
,"/home/blinina/my_lerning/frontend-project-lvl2/src/formatters/plain.js": {"path":"/home/blinina/my_lerning/frontend-project-lvl2/src/formatters/plain.js","all":false,"statementMap":{"0":{"start":{"line":1,"column":0},"end":{"line":1,"column":23}},"1":{"start":{"line":2,"column":0},"end":{"line":2,"column":0}},"2":{"start":{"line":3,"column":0},"end":{"line":3,"column":25}},"3":{"start":{"line":4,"column":0},"end":{"line":4,"column":34}},"4":{"start":{"line":5,"column":0},"end":{"line":5,"column":28}},"5":{"start":{"line":6,"column":0},"end":{"line":6,"column":31}},"6":{"start":{"line":7,"column":0},"end":{"line":7,"column":5}},"7":{"start":{"line":8,"column":0},"end":{"line":8,"column":25}},"8":{"start":{"line":9,"column":0},"end":{"line":9,"column":18}},"9":{"start":{"line":10,"column":0},"end":{"line":10,"column":5}},"10":{"start":{"line":11,"column":0},"end":{"line":11,"column":0}},"11":{"start":{"line":12,"column":0},"end":{"line":12,"column":52}},"12":{"start":{"line":13,"column":0},"end":{"line":13,"column":4}},"13":{"start":{"line":14,"column":0},"end":{"line":14,"column":0}},"14":{"start":{"line":15,"column":0},"end":{"line":15,"column":31}},"15":{"start":{"line":16,"column":0},"end":{"line":16,"column":43}},"16":{"start":{"line":17,"column":0},"end":{"line":17,"column":75}},"17":{"start":{"line":18,"column":0},"end":{"line":18,"column":0}},"18":{"start":{"line":19,"column":0},"end":{"line":19,"column":36}},"19":{"start":{"line":20,"column":0},"end":{"line":20,"column":52}},"20":{"start":{"line":21,"column":0},"end":{"line":21,"column":7}},"21":{"start":{"line":22,"column":0},"end":{"line":22,"column":34}},"22":{"start":{"line":23,"column":0},"end":{"line":23,"column":89}},"23":{"start":{"line":24,"column":0},"end":{"line":24,"column":7}},"24":{"start":{"line":25,"column":0},"end":{"line":25,"column":36}},"25":{"start":{"line":26,"column":0},"end":{"line":26,"column":117}},"26":{"start":{"line":27,"column":0},"end":{"line":27,"column":7}},"27":{"start":{"line":28,"column":0},"end":{"line":28,"column":35}},"28":{"start":{"line":29,"column":0},"end":{"line":29,"column":50}},"29":{"start":{"line":30,"column":0},"end":{"line":30,"column":7}},"30":{"start":{"line":31,"column":0},"end":{"line":31,"column":7}},"31":{"start":{"line":32,"column":0},"end":{"line":32,"column":51}},"32":{"start":{"line":33,"column":0},"end":{"line":33,"column":4}},"33":{"start":{"line":34,"column":0},"end":{"line":34,"column":24}},"34":{"start":{"line":35,"column":0},"end":{"line":35,"column":2}},"35":{"start":{"line":36,"column":0},"end":{"line":36,"column":0}},"36":{"start":{"line":37,"column":0},"end":{"line":37,"column":21}}},"s":{"0":1,"1":1,"2":1,"3":2,"4":26,"5":6,"6":6,"7":26,"8":2,"9":2,"10":18,"11":26,"12":26,"13":2,"14":2,"15":10,"16":36,"17":36,"18":36,"19":4,"20":4,"21":36,"22":10,"23":10,"24":36,"25":8,"26":8,"27":36,"28":8,"29":8,"30":36,"31":10,"32":10,"33":2,"34":2,"35":1,"36":1},"branchMap":{"0":{"type":"branch","line":3,"loc":{"start":{"line":3,"column":15},"end":{"line":35,"column":2}},"locations":[{"start":{"line":3,"column":15},"end":{"line":35,"column":2}}]},"1":{"type":"branch","line":4,"loc":{"start":{"line":4,"column":23},"end":{"line":13,"column":4}},"locations":[{"start":{"line":4,"column":23},"end":{"line":13,"column":4}}]},"2":{"type":"branch","line":5,"loc":{"start":{"line":5,"column":27},"end":{"line":7,"column":5}},"locations":[{"start":{"line":5,"column":27},"end":{"line":7,"column":5}}]},"3":{"type":"branch","line":8,"loc":{"start":{"line":8,"column":-1},"end":{"line":8,"column":8}},"locations":[{"start":{"line":8,"column":-1},"end":{"line":8,"column":8}}]},"4":{"type":"branch","line":8,"loc":{"start":{"line":8,"column":24},"end":{"line":10,"column":5}},"locations":[{"start":{"line":8,"column":24},"end":{"line":10,"column":5}}]},"5":{"type":"branch","line":11,"loc":{"start":{"line":11,"column":-1},"end":{"line":12,"column":12}},"locations":[{"start":{"line":11,"column":-1},"end":{"line":12,"column":12}}]},"6":{"type":"branch","line":12,"loc":{"start":{"line":12,"column":11},"end":{"line":12,"column":46}},"locations":[{"start":{"line":12,"column":11},"end":{"line":12,"column":46}}]},"7":{"type":"branch","line":12,"loc":{"start":{"line":12,"column":11},"end":{"line":12,"column":52}},"locations":[{"start":{"line":12,"column":11},"end":{"line":12,"column":52}}]},"8":{"type":"branch","line":15,"loc":{"start":{"line":15,"column":15},"end":{"line":33,"column":4}},"locations":[{"start":{"line":15,"column":15},"end":{"line":33,"column":4}}]},"9":{"type":"branch","line":16,"loc":{"start":{"line":16,"column":33},"end":{"line":31,"column":7}},"locations":[{"start":{"line":16,"column":33},"end":{"line":31,"column":7}}]},"10":{"type":"branch","line":17,"loc":{"start":{"line":17,"column":23},"end":{"line":17,"column":55}},"locations":[{"start":{"line":17,"column":23},"end":{"line":17,"column":55}}]},"11":{"type":"branch","line":17,"loc":{"start":{"line":17,"column":23},"end":{"line":17,"column":75}},"locations":[{"start":{"line":17,"column":23},"end":{"line":17,"column":75}}]},"12":{"type":"branch","line":19,"loc":{"start":{"line":19,"column":35},"end":{"line":21,"column":7}},"locations":[{"start":{"line":19,"column":35},"end":{"line":21,"column":7}}]},"13":{"type":"branch","line":22,"loc":{"start":{"line":22,"column":-1},"end":{"line":22,"column":10}},"locations":[{"start":{"line":22,"column":-1},"end":{"line":22,"column":10}}]},"14":{"type":"branch","line":22,"loc":{"start":{"line":22,"column":33},"end":{"line":24,"column":7}},"locations":[{"start":{"line":22,"column":33},"end":{"line":24,"column":7}}]},"15":{"type":"branch","line":25,"loc":{"start":{"line":25,"column":-1},"end":{"line":25,"column":10}},"locations":[{"start":{"line":25,"column":-1},"end":{"line":25,"column":10}}]},"16":{"type":"branch","line":25,"loc":{"start":{"line":25,"column":35},"end":{"line":27,"column":7}},"locations":[{"start":{"line":25,"column":35},"end":{"line":27,"column":7}}]},"17":{"type":"branch","line":28,"loc":{"start":{"line":28,"column":-1},"end":{"line":28,"column":10}},"locations":[{"start":{"line":28,"column":-1},"end":{"line":28,"column":10}}]},"18":{"type":"branch","line":28,"loc":{"start":{"line":28,"column":34},"end":{"line":30,"column":7}},"locations":[{"start":{"line":28,"column":34},"end":{"line":30,"column":7}}]}},"b":{"0":[2],"1":[26],"2":[6],"3":[20],"4":[2],"5":[18],"6":[14],"7":[4],"8":[10],"9":[36],"10":[8],"11":[28],"12":[4],"13":[32],"14":[10],"15":[22],"16":[8],"17":[14],"18":[8]},"fnMap":{"0":{"name":"plain","decl":{"start":{"line":3,"column":15},"end":{"line":35,"column":2}},"loc":{"start":{"line":3,"column":15},"end":{"line":35,"column":2}},"line":3},"1":{"name":"formatValue","decl":{"start":{"line":4,"column":23},"end":{"line":13,"column":4}},"loc":{"start":{"line":4,"column":23},"end":{"line":13,"column":4}},"line":4},"2":{"name":"iter","decl":{"start":{"line":15,"column":15},"end":{"line":33,"column":4}},"loc":{"start":{"line":15,"column":15},"end":{"line":33,"column":4}},"line":15}},"f":{"0":2,"1":26,"2":10}}
,"/home/blinina/my_lerning/frontend-project-lvl2/src/formatters/stylish.js": {"path":"/home/blinina/my_lerning/frontend-project-lvl2/src/formatters/stylish.js","all":false,"statementMap":{"0":{"start":{"line":1,"column":0},"end":{"line":1,"column":23}},"1":{"start":{"line":2,"column":0},"end":{"line":2,"column":0}},"2":{"start":{"line":3,"column":0},"end":{"line":3,"column":36}},"3":{"start":{"line":4,"column":0},"end":{"line":4,"column":19}},"4":{"start":{"line":5,"column":0},"end":{"line":5,"column":49}},"5":{"start":{"line":6,"column":0},"end":{"line":6,"column":22}},"6":{"start":{"line":7,"column":0},"end":{"line":7,"column":2}},"7":{"start":{"line":8,"column":0},"end":{"line":8,"column":0}},"8":{"start":{"line":9,"column":0},"end":{"line":9,"column":45}},"9":{"start":{"line":10,"column":0},"end":{"line":10,"column":27}},"10":{"start":{"line":11,"column":0},"end":{"line":11,"column":22}},"11":{"start":{"line":12,"column":0},"end":{"line":12,"column":3}},"12":{"start":{"line":13,"column":0},"end":{"line":13,"column":38}},"13":{"start":{"line":14,"column":0},"end":{"line":14,"column":45}},"14":{"start":{"line":15,"column":0},"end":{"line":15,"column":41}},"15":{"start":{"line":16,"column":0},"end":{"line":16,"column":117}},"16":{"start":{"line":17,"column":0},"end":{"line":17,"column":1}},"17":{"start":{"line":18,"column":0},"end":{"line":18,"column":57}},"18":{"start":{"line":19,"column":0},"end":{"line":19,"column":2}},"19":{"start":{"line":20,"column":0},"end":{"line":20,"column":0}},"20":{"start":{"line":21,"column":0},"end":{"line":21,"column":27}},"21":{"start":{"line":22,"column":0},"end":{"line":22,"column":2}},"22":{"start":{"line":23,"column":0},"end":{"line":23,"column":33}},"23":{"start":{"line":24,"column":0},"end":{"line":24,"column":34}},"24":{"start":{"line":25,"column":0},"end":{"line":25,"column":39}},"25":{"start":{"line":26,"column":0},"end":{"line":26,"column":3}},"26":{"start":{"line":27,"column":0},"end":{"line":27,"column":0}},"27":{"start":{"line":28,"column":0},"end":{"line":28,"column":43}},"28":{"start":{"line":29,"column":0},"end":{"line":29,"column":26}},"29":{"start":{"line":30,"column":0},"end":{"line":30,"column":24}},"30":{"start":{"line":31,"column":0},"end":{"line":31,"column":79}},"31":{"start":{"line":32,"column":0},"end":{"line":32,"column":9}},"32":{"start":{"line":33,"column":0},"end":{"line":33,"column":27}},"33":{"start":{"line":34,"column":0},"end":{"line":34,"column":81}},"34":{"start":{"line":35,"column":0},"end":{"line":35,"column":9}},"35":{"start":{"line":36,"column":0},"end":{"line":36,"column":25}},"36":{"start":{"line":37,"column":0},"end":{"line":37,"column":81}},"37":{"start":{"line":38,"column":0},"end":{"line":38,"column":9}},"38":{"start":{"line":39,"column":0},"end":{"line":39,"column":23}},"39":{"start":{"line":40,"column":0},"end":{"line":40,"column":81}},"40":{"start":{"line":41,"column":0},"end":{"line":41,"column":9}},"41":{"start":{"line":42,"column":0},"end":{"line":42,"column":25}},"42":{"start":{"line":43,"column":0},"end":{"line":43,"column":148}},"43":{"start":{"line":44,"column":0},"end":{"line":44,"column":9}},"44":{"start":{"line":45,"column":0},"end":{"line":45,"column":18}},"45":{"start":{"line":46,"column":0},"end":{"line":46,"column":22}},"46":{"start":{"line":47,"column":0},"end":{"line":47,"column":9}},"47":{"start":{"line":48,"column":0},"end":{"line":48,"column":7}},"48":{"start":{"line":49,"column":0},"end":{"line":49,"column":7}},"49":{"start":{"line":50,"column":0},"end":{"line":50,"column":57}},"50":{"start":{"line":51,"column":0},"end":{"line":51,"column":4}},"51":{"start":{"line":52,"column":0},"end":{"line":52,"column":39}},"52":{"start":{"line":53,"column":0},"end":{"line":53,"column":16}},"53":{"start":{"line":54,"column":0},"end":{"line":54,"column":2}},"54":{"start":{"line":55,"column":0},"end":{"line":55,"column":0}},"55":{"start":{"line":56,"column":0},"end":{"line":56,"column":23}}},"s":{"0":1,"1":1,"2":1,"3":48,"4":48,"5":48,"6":48,"7":1,"8":1,"9":54,"10":40,"11":40,"12":14,"13":14,"14":14,"15":14,"16":14,"17":14,"18":14,"19":1,"20":1,"21":2,"22":2,"23":10,"24":10,"25":10,"26":10,"27":10,"28":36,"29":36,"30":8,"31":8,"32":36,"33":6,"34":6,"35":36,"36":4,"37":4,"38":36,"39":10,"40":10,"41":36,"42":8,"43":8,"44":36,"45":0,"46":0,"47":36,"48":36,"49":10,"50":10,"51":2,"52":2,"53":2,"54":1,"55":1},"branchMap":{"0":{"type":"branch","line":3,"loc":{"start":{"line":3,"column":18},"end":{"line":7,"column":2}},"locations":[{"start":{"line":3,"column":18},"end":{"line":7,"column":2}}]},"1":{"type":"branch","line":9,"loc":{"start":{"line":9,"column":23},"end":{"line":19,"column":2}},"locations":[{"start":{"line":9,"column":23},"end":{"line":19,"column":2}}]},"2":{"type":"branch","line":10,"loc":{"start":{"line":10,"column":26},"end":{"line":12,"column":3}},"locations":[{"start":{"line":10,"column":26},"end":{"line":12,"column":3}}]},"3":{"type":"branch","line":13,"loc":{"start":{"line":13,"column":-1},"end":{"line":19,"column":2}},"locations":[{"start":{"line":13,"column":-1},"end":{"line":19,"column":2}}]},"4":{"type":"branch","line":16,"loc":{"start":{"line":16,"column":30},"end":{"line":16,"column":117}},"locations":[{"start":{"line":16,"column":30},"end":{"line":16,"column":117}}]},"5":{"type":"branch","line":21,"loc":{"start":{"line":21,"column":17},"end":{"line":54,"column":2}},"locations":[{"start":{"line":21,"column":17},"end":{"line":54,"column":2}}]},"6":{"type":"branch","line":23,"loc":{"start":{"line":23,"column":15},"end":{"line":51,"column":4}},"locations":[{"start":{"line":23,"column":15},"end":{"line":51,"column":4}}]},"7":{"type":"branch","line":28,"loc":{"start":{"line":28,"column":33},"end":{"line":49,"column":7}},"locations":[{"start":{"line":28,"column":33},"end":{"line":49,"column":7}}]},"8":{"type":"branch","line":30,"loc":{"start":{"line":30,"column":8},"end":{"line":32,"column":9}},"locations":[{"start":{"line":30,"column":8},"end":{"line":32,"column":9}}]},"9":{"type":"branch","line":33,"loc":{"start":{"line":33,"column":8},"end":{"line":35,"column":9}},"locations":[{"start":{"line":33,"column":8},"end":{"line":35,"column":9}}]},"10":{"type":"branch","line":36,"loc":{"start":{"line":36,"column":8},"end":{"line":38,"column":9}},"locations":[{"start":{"line":36,"column":8},"end":{"line":38,"column":9}}]},"11":{"type":"branch","line":39,"loc":{"start":{"line":39,"column":8},"end":{"line":41,"column":9}},"locations":[{"start":{"line":39,"column":8},"end":{"line":41,"column":9}}]},"12":{"type":"branch","line":42,"loc":{"start":{"line":42,"column":8},"end":{"line":44,"column":9}},"locations":[{"start":{"line":42,"column":8},"end":{"line":44,"column":9}}]},"13":{"type":"branch","line":45,"loc":{"start":{"line":45,"column":8},"end":{"line":47,"column":9}},"locations":[{"start":{"line":45,"column":8},"end":{"line":47,"column":9}}]}},"b":{"0":[48],"1":[54],"2":[40],"3":[14],"4":[18],"5":[2],"6":[10],"7":[36],"8":[8],"9":[6],"10":[4],"11":[10],"12":[8],"13":[0]},"fnMap":{"0":{"name":"getSpace","decl":{"start":{"line":3,"column":18},"end":{"line":7,"column":2}},"loc":{"start":{"line":3,"column":18},"end":{"line":7,"column":2}},"line":3},"1":{"name":"formattedValue","decl":{"start":{"line":9,"column":23},"end":{"line":19,"column":2}},"loc":{"start":{"line":9,"column":23},"end":{"line":19,"column":2}},"line":9},"2":{"name":"stylish","decl":{"start":{"line":21,"column":17},"end":{"line":54,"column":2}},"loc":{"start":{"line":21,"column":17},"end":{"line":54,"column":2}},"line":21},"3":{"name":"iter","decl":{"start":{"line":23,"column":15},"end":{"line":51,"column":4}},"loc":{"start":{"line":23,"column":15},"end":{"line":51,"column":4}},"line":23}},"f":{"0":48,"1":54,"2":2,"3":10}}
}
