TN:
SF:src/getdiff.js
FN:3,genDifferents
FNF:1
FNH:1
FNDA:30,genDifferents
DA:1,1
DA:2,1
DA:3,1
DA:4,30
DA:5,30
DA:6,30
DA:7,108
DA:8,30
DA:9,30
DA:10,108
DA:11,12
DA:12,12
DA:13,108
DA:14,24
DA:15,24
DA:16,108
DA:17,24
DA:18,24
DA:19,24
DA:20,24
DA:21,18
DA:22,18
DA:23,30
DA:24,30
DA:25,1
DA:26,1
LF:26
LH:26
BRDA:3,0,0,30
BRDA:6,1,0,108
BRDA:7,2,0,30
BRDA:10,3,0,78
BRDA:10,4,0,12
BRDA:13,5,0,66
BRDA:13,6,0,30
BRDA:13,7,0,24
BRDA:16,8,0,42
BRDA:16,9,0,24
BRDA:21,10,0,18
BRF:11
BRH:11
end_of_record
TN:
SF:src/index.js
FN:7,genDiff
FNF:1
FNH:1
FNDA:6,genDiff
DA:1,1
DA:2,1
DA:3,1
DA:4,1
DA:5,1
DA:6,1
DA:7,1
DA:8,6
DA:9,6
DA:10,6
DA:11,6
DA:12,6
DA:13,6
DA:14,6
DA:15,6
DA:16,6
DA:17,6
DA:18,6
DA:19,6
DA:20,6
DA:21,6
DA:22,6
DA:23,6
DA:24,1
LF:24
LH:24
BRDA:7,0,0,6
BRF:1
BRH:1
end_of_record
TN:
SF:src/parsers.js
FN:3,parse
FNF:1
FNH:1
FNDA:12,parse
DA:1,1
DA:2,1
DA:3,1
DA:4,12
DA:5,12
DA:6,6
DA:7,6
DA:8,12
DA:9,6
DA:10,6
DA:11,12
DA:12,12
DA:13,1
DA:14,1
LF:14
LH:14
BRDA:3,0,0,12
BRDA:5,1,0,6
BRDA:8,2,0,6
BRF:3
BRH:3
end_of_record
TN:
SF:src/formatters/index.js
FN:5,formatt
FNF:1
FNH:1
FNDA:6,formatt
DA:1,1
DA:2,1
DA:3,1
DA:4,1
DA:5,1
DA:6,6
DA:7,6
DA:8,6
DA:9,2
DA:10,2
DA:11,6
DA:12,2
DA:13,2
DA:14,6
DA:15,6
DA:16,2
DA:17,2
DA:18,6
DA:19,0
DA:20,6
DA:21,6
DA:22,6
DA:23,6
DA:24,1
LF:24
LH:23
BRDA:5,0,0,6
BRDA:8,1,0,2
BRDA:11,2,0,2
BRDA:15,3,0,2
BRDA:19,4,0,0
BRF:5
BRH:4
end_of_record
TN:
SF:src/formatters/json.js
FN:1,formattJson
FNF:1
FNH:1
FNDA:2,formattJson
DA:1,1
DA:2,1
LF:2
LH:2
BRDA:1,0,0,2
BRF:1
BRH:1
end_of_record
TN:
SF:src/formatters/plain.js
FN:3,plain
FN:4,formatValue
FN:15,iter
FNF:3
FNH:3
FNDA:2,plain
FNDA:26,formatValue
FNDA:10,iter
DA:1,1
DA:2,1
DA:3,1
DA:4,2
DA:5,26
DA:6,6
DA:7,6
DA:8,26
DA:9,2
DA:10,2
DA:11,18
DA:12,26
DA:13,26
DA:14,2
DA:15,2
DA:16,10
DA:17,36
DA:18,36
DA:19,36
DA:20,4
DA:21,4
DA:22,36
DA:23,10
DA:24,10
DA:25,36
DA:26,8
DA:27,8
DA:28,36
DA:29,8
DA:30,8
DA:31,36
DA:32,10
DA:33,10
DA:34,2
DA:35,2
DA:36,1
DA:37,1
LF:37
LH:37
BRDA:3,0,0,2
BRDA:4,1,0,26
BRDA:5,2,0,6
BRDA:8,3,0,20
BRDA:8,4,0,2
BRDA:11,5,0,18
BRDA:12,6,0,14
BRDA:12,7,0,4
BRDA:15,8,0,10
BRDA:16,9,0,36
BRDA:17,10,0,8
BRDA:17,11,0,28
BRDA:19,12,0,4
BRDA:22,13,0,32
BRDA:22,14,0,10
BRDA:25,15,0,22
BRDA:25,16,0,8
BRDA:28,17,0,14
BRDA:28,18,0,8
BRF:19
BRH:19
end_of_record
TN:
SF:src/formatters/stylish.js
FN:3,getSpace
FN:9,formattedValue
FN:21,stylish
FN:23,iter
FNF:4
FNH:4
FNDA:48,getSpace
FNDA:54,formattedValue
FNDA:2,stylish
FNDA:10,iter
DA:1,1
DA:2,1
DA:3,1
DA:4,48
DA:5,48
DA:6,48
DA:7,48
DA:8,1
DA:9,1
DA:10,54
DA:11,40
DA:12,40
DA:13,14
DA:14,14
DA:15,14
DA:16,14
DA:17,14
DA:18,14
DA:19,14
DA:20,1
DA:21,1
DA:22,2
DA:23,2
DA:24,10
DA:25,10
DA:26,10
DA:27,10
DA:28,10
DA:29,36
DA:30,36
DA:31,8
DA:32,8
DA:33,36
DA:34,6
DA:35,6
DA:36,36
DA:37,4
DA:38,4
DA:39,36
DA:40,10
DA:41,10
DA:42,36
DA:43,8
DA:44,8
DA:45,36
DA:46,0
DA:47,0
DA:48,36
DA:49,36
DA:50,10
DA:51,10
DA:52,2
DA:53,2
DA:54,2
DA:55,1
DA:56,1
LF:56
LH:54
BRDA:3,0,0,48
BRDA:9,1,0,54
BRDA:10,2,0,40
BRDA:13,3,0,14
BRDA:16,4,0,18
BRDA:21,5,0,2
BRDA:23,6,0,10
BRDA:28,7,0,36
BRDA:30,8,0,8
BRDA:33,9,0,6
BRDA:36,10,0,4
BRDA:39,11,0,10
BRDA:42,12,0,8
BRDA:45,13,0,0
BRF:14
BRH:13
end_of_record
